SF:lib/model/CardModel.Dart
DA:7,1
LF:1
LH:1
end_of_record
SF:lib/screens/WelcomeScreen.dart
DA:5,3
DA:7,3
DA:8,3
DA:9,0
DA:10,3
DA:12,3
DA:13,3
DA:14,3
DA:16,3
DA:17,3
DA:18,6
DA:22,3
DA:25,3
DA:26,3
DA:28,3
DA:29,3
DA:30,6
LF:17
LH:16
end_of_record
SF:lib/screens/ICloudScreen.dart
DA:4,1
DA:6,1
DA:7,1
DA:8,0
DA:9,1
DA:11,1
DA:12,1
DA:16,1
DA:19,1
DA:20,1
DA:22,1
DA:24,1
DA:25,1
DA:26,1
DA:28,1
DA:32,1
DA:34,1
DA:38,1
DA:40,1
DA:44,1
DA:46,1
DA:53,1
DA:57,1
DA:59,1
DA:60,1
DA:63,1
DA:65,1
DA:66,1
DA:67,1
DA:68,0
DA:70,2
DA:73,1
DA:74,1
DA:77,1
DA:79,1
DA:80,1
DA:81,1
DA:82,0
DA:84,1
DA:86,1
LF:40
LH:37
end_of_record
SF:lib/main.dart
DA:4,0
DA:5,0
DA:10,1
DA:12,1
DA:14,1
DA:15,1
DA:17,1
LF:7
LH:5
end_of_record
SF:lib/screens/LandingScreen.dart
DA:11,4
DA:15,2
DA:16,2
DA:30,2
DA:32,2
DA:33,2
DA:34,4
DA:35,8
DA:36,2
DA:37,0
DA:41,2
DA:43,2
DA:45,2
DA:46,2
DA:47,2
DA:48,2
DA:49,2
DA:55,2
DA:56,2
DA:57,2
DA:58,2
DA:59,4
DA:60,0
DA:61,0
DA:62,0
DA:63,0
DA:65,2
DA:68,0
DA:69,0
DA:74,2
DA:76,2
DA:77,2
DA:79,0
DA:80,0
DA:81,0
DA:82,0
DA:83,0
DA:84,0
DA:86,0
DA:87,0
DA:89,0
DA:90,0
DA:94,0
DA:95,0
DA:102,2
DA:103,2
DA:104,2
DA:105,2
DA:106,6
DA:107,2
DA:111,2
DA:113,2
DA:117,2
LF:53
LH:34
end_of_record
SF:lib/screens/TextImageScreen.dart
DA:5,0
DA:7,0
DA:8,0
DA:16,0
DA:19,0
DA:20,0
DA:21,0
DA:22,0
DA:23,0
DA:24,0
DA:26,0
DA:29,0
DA:31,0
DA:32,0
DA:33,0
DA:34,0
DA:35,0
DA:36,0
DA:37,0
DA:42,0
DA:43,0
DA:44,0
DA:45,0
DA:46,0
DA:47,0
DA:48,0
DA:49,0
DA:50,0
DA:51,0
DA:52,0
DA:56,0
DA:57,0
DA:59,0
DA:61,0
DA:62,0
DA:63,0
DA:65,0
DA:67,0
DA:69,0
DA:76,0
DA:77,0
DA:79,0
DA:81,0
DA:82,0
DA:83,0
DA:85,0
DA:87,0
DA:89,0
DA:96,0
DA:97,0
DA:100,0
DA:104,0
DA:105,0
DA:107,0
DA:109,0
DA:110,0
DA:111,0
DA:113,0
DA:115,0
DA:117,0
DA:124,0
DA:125,0
DA:127,0
DA:129,0
DA:130,0
DA:131,0
DA:133,0
DA:135,0
DA:137,0
DA:139,0
DA:141,0
DA:150,0
DA:151,0
DA:152,0
DA:153,0
DA:154,0
DA:155,0
DA:156,0
DA:159,0
DA:160,0
DA:161,0
DA:168,0
DA:169,0
DA:170,0
DA:171,0
DA:174,0
DA:175,0
DA:176,0
LF:88
LH:0
end_of_record
SF:lib/screens/SignInScreen.dart
DA:6,1
DA:8,1
DA:9,1
DA:10,1
DA:11,0
DA:12,1
DA:13,1
DA:14,1
DA:18,1
DA:20,1
DA:24,1
DA:28,1
DA:31,1
DA:32,1
DA:36,1
DA:39,1
DA:40,1
DA:41,1
DA:42,1
DA:43,1
DA:45,1
DA:46,1
DA:52,1
DA:56,1
DA:58,1
DA:59,1
DA:62,1
DA:64,1
DA:65,1
DA:66,1
DA:67,0
DA:68,0
DA:70,0
DA:74,2
DA:77,1
DA:78,1
DA:81,1
DA:82,1
DA:84,1
DA:85,1
DA:86,1
DA:87,0
DA:88,0
DA:90,0
DA:94,1
DA:96,1
LF:46
LH:39
end_of_record
SF:lib/screens/PersonalList.dart
DA:11,0
DA:12,0
DA:30,0
DA:31,0
DA:32,0
DA:33,0
DA:34,0
DA:35,0
DA:36,0
DA:37,0
DA:38,0
DA:39,0
DA:40,0
DA:43,0
DA:46,0
DA:47,0
DA:48,0
DA:49,0
DA:50,0
DA:51,0
DA:52,0
DA:53,0
DA:54,0
DA:55,0
DA:57,0
DA:58,0
DA:62,0
DA:64,0
DA:65,0
DA:66,0
DA:67,0
DA:69,0
DA:70,0
DA:71,0
DA:72,0
DA:73,0
DA:77,0
DA:81,0
DA:82,0
DA:83,0
DA:85,0
DA:86,0
DA:87,0
DA:88,0
DA:89,0
DA:90,0
DA:91,0
DA:92,0
DA:93,0
DA:94,0
DA:95,0
DA:96,0
DA:97,0
DA:101,0
DA:102,0
DA:104,0
DA:105,0
DA:107,0
DA:108,0
DA:109,0
DA:110,0
DA:120,0
DA:127,0
DA:128,0
DA:129,0
DA:131,0
DA:132,0
DA:133,0
DA:134,0
DA:135,0
DA:136,0
DA:140,0
DA:147,0
DA:148,0
DA:149,0
DA:152,0
DA:153,0
DA:155,0
DA:156,0
DA:157,0
DA:158,0
DA:159,0
DA:163,0
DA:170,0
DA:171,0
DA:172,0
DA:173,0
DA:174,0
DA:175,0
DA:176,0
DA:177,0
DA:178,0
DA:186,0
DA:187,0
DA:188,0
DA:189,0
DA:190,0
DA:192,0
DA:193,0
DA:194,0
DA:195,0
LF:101
LH:0
end_of_record
SF:lib/utils/Utils.dart
DA:6,0
DA:7,0
DA:8,0
LF:3
LH:0
end_of_record
SF:lib/utils/app_colors.dart
DA:4,0
LF:1
LH:0
end_of_record
